<?xml version="1.0" encoding="UTF-8"?>
<!-- Generated by org.testng.reporters.JUnitReportReporter -->
<testsuite hostname="PHLHVPW2T3" failures="1" tests="1" name="testcase.regression" time="43.299" errors="0" timestamp="22 May 2024 07:58:19 GMT" skipped="0">
  <testcase classname="testcase.regression" name="EssilorPro_Amera" time="43.299">
    <failure message="Found: https://essilor-order.com/amera/tracking?token=eyJhbGciOiJIUzUxMiJ9.eyJpc3MiOiJNZXJjdXJ5IiwiaWF0IjoxNzE2MzY0Njg3LCJzdWIiOiJBTUVSQV9QT1JUQUwiLCJleHAiOjE3MTYzNzkwODd9.Cygc57TVQ6IPNKpNl8ysulNNCY80b3E_noJRwFpk2_11byIIOg-XH2OAR9LPJikyNA6gXP7gJExAb_MdMqF7xA" type="java.lang.AssertionError">
      <![CDATA[java.lang.AssertionError: Found: https://essilor-order.com/amera/tracking?token=eyJhbGciOiJIUzUxMiJ9.eyJpc3MiOiJNZXJjdXJ5IiwiaWF0IjoxNzE2MzY0Njg3LCJzdWIiOiJBTUVSQV9QT1JUQUwiLCJleHAiOjE3MTYzNzkwODd9.Cygc57TVQ6IPNKpNl8ysulNNCY80b3E_noJRwFpk2_11byIIOg-XH2OAR9LPJikyNA6gXP7gJExAb_MdMqF7xA
	at testcase.regression.EssilorPro_Amera(regression.java:50)
	at java.base/jdk.internal.reflect.NativeMethodAccessorImpl.invoke0(Native Method)
	at java.base/jdk.internal.reflect.NativeMethodAccessorImpl.invoke(NativeMethodAccessorImpl.java:77)
	at java.base/jdk.internal.reflect.DelegatingMethodAccessorImpl.invoke(DelegatingMethodAccessorImpl.java:43)
	at java.base/java.lang.reflect.Method.invoke(Method.java:568)
	at org.testng.internal.MethodInvocationHelper.invokeMethod(MethodInvocationHelper.java:108)
	at org.testng.internal.Invoker.invokeMethod(Invoker.java:661)
	at org.testng.internal.Invoker.invokeTestMethod(Invoker.java:869)
	at org.testng.internal.Invoker.invokeTestMethods(Invoker.java:1193)
	at org.testng.internal.TestMethodWorker.invokeTestMethods(TestMethodWorker.java:126)
	at org.testng.internal.TestMethodWorker.run(TestMethodWorker.java:109)
	at org.testng.TestRunner.privateRun(TestRunner.java:744)
	at org.testng.TestRunner.run(TestRunner.java:602)
	at org.testng.SuiteRunner.runTest(SuiteRunner.java:380)
	at org.testng.SuiteRunner.runSequentially(SuiteRunner.java:375)
	at org.testng.SuiteRunner.privateRun(SuiteRunner.java:340)
	at org.testng.SuiteRunner.run(SuiteRunner.java:289)
	at org.testng.SuiteRunnerWorker.runSuite(SuiteRunnerWorker.java:52)
	at org.testng.SuiteRunnerWorker.run(SuiteRunnerWorker.java:86)
	at org.testng.TestNG.runSuitesSequentially(TestNG.java:1301)
	at org.testng.TestNG.runSuitesLocally(TestNG.java:1226)
	at org.testng.TestNG.runSuites(TestNG.java:1144)
	at org.testng.TestNG.run(TestNG.java:1115)
	at org.testng.remote.AbstractRemoteTestNG.run(AbstractRemoteTestNG.java:115)
	at org.testng.remote.RemoteTestNG.initAndRun(RemoteTestNG.java:251)
	at org.testng.remote.RemoteTestNG.main(RemoteTestNG.java:77)
]]>
    </failure>
  </testcase> <!-- EssilorPro_Amera -->
</testsuite> <!-- testcase.regression -->
