<?xml version="1.0" encoding="UTF-8"?>
<testng-results ignored="0" total="12" passed="10" failed="2" skipped="0">
  <reporter-output>
  </reporter-output>
  <suite started-at="2024-05-23T05:47:46Z" name="Default suite" finished-at="2024-05-23T06:00:02Z" duration-ms="736595">
    <groups>
    </groups>
    <test started-at="2024-05-23T05:47:46Z" name="Default test" finished-at="2024-05-23T06:00:02Z" duration-ms="736595">
      <class name="testcase.regression2">
        <test-method signature="EssilorPro_Amera()[pri:1, instance:testcase.regression2@1339e7aa]" started-at="2024-05-23T13:47:46Z" name="EssilorPro_Amera" finished-at="2024-05-23T13:48:39Z" duration-ms="53045" status="PASS">
          <reporter-output>
          </reporter-output>
        </test-method> <!-- EssilorPro_Amera -->
        <test-method is-config="true" signature="terminate()[pri:0, instance:testcase.regression2@1339e7aa]" started-at="2024-05-23T13:48:39Z" name="terminate" finished-at="2024-05-23T13:48:39Z" duration-ms="376" status="PASS">
          <reporter-output>
          </reporter-output>
        </test-method> <!-- terminate -->
        <test-method signature="EssilorPro_MY()[pri:2, instance:testcase.regression2@1339e7aa]" started-at="2024-05-23T13:48:39Z" name="EssilorPro_MY" finished-at="2024-05-23T13:49:48Z" duration-ms="68549" status="PASS">
          <reporter-output>
          </reporter-output>
        </test-method> <!-- EssilorPro_MY -->
        <test-method is-config="true" signature="terminate()[pri:0, instance:testcase.regression2@1339e7aa]" started-at="2024-05-23T13:49:48Z" name="terminate" finished-at="2024-05-23T13:49:48Z" duration-ms="439" status="PASS">
          <reporter-output>
          </reporter-output>
        </test-method> <!-- terminate -->
        <test-method signature="EssilorPro_ZA()[pri:3, instance:testcase.regression2@1339e7aa]" started-at="2024-05-23T13:49:48Z" name="EssilorPro_ZA" finished-at="2024-05-23T13:50:48Z" duration-ms="60351" status="FAIL">
          <exception class="org.openqa.selenium.NoSuchElementException">
            <message>
              <![CDATA[no such element: Unable to locate element: {"method":"xpath","selector":"//div[@class='flex pa-0 mr-3 b2b-main-menu-item fill-height'][1]"}
  (Session info: chrome=124.0.6367.208)
For documentation on this error, please visit: https://www.selenium.dev/documentation/webdriver/troubleshooting/errors#no-such-element-exception
Build info: version: '4.16.1', revision: '9b4c83354e'
System info: os.name: 'Windows 10', os.arch: 'amd64', os.version: '10.0', java.version: '17.0.8.1'
Driver info: org.openqa.selenium.chrome.ChromeDriver
Command: [03d35fea921642b06b9d518331f0a9b6, findElement {using=xpath, value=//div[@class='flex pa-0 mr-3 b2b-main-menu-item fill-height'][1]}]
Capabilities {acceptInsecureCerts: false, browserName: chrome, browserVersion: 124.0.6367.208, chrome: {chromedriverVersion: 124.0.6367.207 (a9001a6e39f..., userDataDir: C:\Users\JOSHUA~1.OLI\AppDa...}, fedcm:accounts: true, goog:chromeOptions: {debuggerAddress: localhost:55972}, networkConnectionEnabled: false, pageLoadStrategy: normal, platformName: windows, proxy: Proxy(), se:cdp: ws://localhost:55972/devtoo..., se:cdpVersion: 124.0.6367.208, setWindowRect: true, strictFileInteractability: false, timeouts: {implicit: 0, pageLoad: 300000, script: 30000}, unhandledPromptBehavior: dismiss and notify, webauthn:extension:credBlob: true, webauthn:extension:largeBlob: true, webauthn:extension:minPinLength: true, webauthn:extension:prf: true, webauthn:virtualAuthenticators: true}
Session ID: 03d35fea921642b06b9d518331f0a9b6]]>
            </message>
            <full-stacktrace>
              <![CDATA[org.openqa.selenium.NoSuchElementException: no such element: Unable to locate element: {"method":"xpath","selector":"//div[@class='flex pa-0 mr-3 b2b-main-menu-item fill-height'][1]"}
  (Session info: chrome=124.0.6367.208)
For documentation on this error, please visit: https://www.selenium.dev/documentation/webdriver/troubleshooting/errors#no-such-element-exception
Build info: version: '4.16.1', revision: '9b4c83354e'
System info: os.name: 'Windows 10', os.arch: 'amd64', os.version: '10.0', java.version: '17.0.8.1'
Driver info: org.openqa.selenium.chrome.ChromeDriver
Command: [03d35fea921642b06b9d518331f0a9b6, findElement {using=xpath, value=//div[@class='flex pa-0 mr-3 b2b-main-menu-item fill-height'][1]}]
Capabilities {acceptInsecureCerts: false, browserName: chrome, browserVersion: 124.0.6367.208, chrome: {chromedriverVersion: 124.0.6367.207 (a9001a6e39f..., userDataDir: C:\Users\JOSHUA~1.OLI\AppDa...}, fedcm:accounts: true, goog:chromeOptions: {debuggerAddress: localhost:55972}, networkConnectionEnabled: false, pageLoadStrategy: normal, platformName: windows, proxy: Proxy(), se:cdp: ws://localhost:55972/devtoo..., se:cdpVersion: 124.0.6367.208, setWindowRect: true, strictFileInteractability: false, timeouts: {implicit: 0, pageLoad: 300000, script: 30000}, unhandledPromptBehavior: dismiss and notify, webauthn:extension:credBlob: true, webauthn:extension:largeBlob: true, webauthn:extension:minPinLength: true, webauthn:extension:prf: true, webauthn:virtualAuthenticators: true}
Session ID: 03d35fea921642b06b9d518331f0a9b6
	at java.base/jdk.internal.reflect.NativeConstructorAccessorImpl.newInstance0(Native Method)
	at java.base/jdk.internal.reflect.NativeConstructorAccessorImpl.newInstance(NativeConstructorAccessorImpl.java:77)
	at java.base/jdk.internal.reflect.DelegatingConstructorAccessorImpl.newInstance(DelegatingConstructorAccessorImpl.java:45)
	at java.base/java.lang.reflect.Constructor.newInstanceWithCaller(Constructor.java:499)
	at java.base/java.lang.reflect.Constructor.newInstance(Constructor.java:480)
	at org.openqa.selenium.remote.codec.w3c.W3CHttpResponseCodec.createException(W3CHttpResponseCodec.java:200)
	at org.openqa.selenium.remote.codec.w3c.W3CHttpResponseCodec.decode(W3CHttpResponseCodec.java:133)
	at org.openqa.selenium.remote.codec.w3c.W3CHttpResponseCodec.decode(W3CHttpResponseCodec.java:52)
	at org.openqa.selenium.remote.HttpCommandExecutor.execute(HttpCommandExecutor.java:191)
	at org.openqa.selenium.remote.service.DriverCommandExecutor.invokeExecute(DriverCommandExecutor.java:200)
	at org.openqa.selenium.remote.service.DriverCommandExecutor.execute(DriverCommandExecutor.java:175)
	at org.openqa.selenium.remote.RemoteWebDriver.execute(RemoteWebDriver.java:523)
	at org.openqa.selenium.remote.ElementLocation$ElementFinder$2.findElement(ElementLocation.java:165)
	at org.openqa.selenium.remote.ElementLocation.findElement(ElementLocation.java:59)
	at org.openqa.selenium.remote.RemoteWebDriver.findElement(RemoteWebDriver.java:360)
	at org.openqa.selenium.remote.RemoteWebDriver.findElement(RemoteWebDriver.java:354)
	at objects.elementDictionary.clickElement(elementDictionary.java:68)
	at objects.elementDictionary.navigateTo(elementDictionary.java:108)
	at testcase.regression2.EssilorPro_ZA(regression2.java:90)
	at java.base/jdk.internal.reflect.NativeMethodAccessorImpl.invoke0(Native Method)
	at java.base/jdk.internal.reflect.NativeMethodAccessorImpl.invoke(NativeMethodAccessorImpl.java:77)
	at java.base/jdk.internal.reflect.DelegatingMethodAccessorImpl.invoke(DelegatingMethodAccessorImpl.java:43)
	at java.base/java.lang.reflect.Method.invoke(Method.java:568)
	at org.testng.internal.MethodInvocationHelper.invokeMethod(MethodInvocationHelper.java:108)
	at org.testng.internal.Invoker.invokeMethod(Invoker.java:661)
	at org.testng.internal.Invoker.invokeTestMethod(Invoker.java:869)
	at org.testng.internal.Invoker.invokeTestMethods(Invoker.java:1193)
	at org.testng.internal.TestMethodWorker.invokeTestMethods(TestMethodWorker.java:126)
	at org.testng.internal.TestMethodWorker.run(TestMethodWorker.java:109)
	at org.testng.TestRunner.privateRun(TestRunner.java:744)
	at org.testng.TestRunner.run(TestRunner.java:602)
	at org.testng.SuiteRunner.runTest(SuiteRunner.java:380)
	at org.testng.SuiteRunner.runSequentially(SuiteRunner.java:375)
	at org.testng.SuiteRunner.privateRun(SuiteRunner.java:340)
	at org.testng.SuiteRunner.run(SuiteRunner.java:289)
	at org.testng.SuiteRunnerWorker.runSuite(SuiteRunnerWorker.java:52)
	at org.testng.SuiteRunnerWorker.run(SuiteRunnerWorker.java:86)
	at org.testng.TestNG.runSuitesSequentially(TestNG.java:1301)
	at org.testng.TestNG.runSuitesLocally(TestNG.java:1226)
	at org.testng.TestNG.runSuites(TestNG.java:1144)
	at org.testng.TestNG.run(TestNG.java:1115)
	at org.testng.remote.AbstractRemoteTestNG.run(AbstractRemoteTestNG.java:115)
	at org.testng.remote.RemoteTestNG.initAndRun(RemoteTestNG.java:251)
	at org.testng.remote.RemoteTestNG.main(RemoteTestNG.java:77)
]]>
            </full-stacktrace>
          </exception> <!-- org.openqa.selenium.NoSuchElementException -->
          <reporter-output>
          </reporter-output>
        </test-method> <!-- EssilorPro_ZA -->
        <test-method is-config="true" signature="terminate()[pri:0, instance:testcase.regression2@1339e7aa]" started-at="2024-05-23T13:50:49Z" name="terminate" finished-at="2024-05-23T13:50:49Z" duration-ms="484" status="PASS">
          <reporter-output>
          </reporter-output>
        </test-method> <!-- terminate -->
        <test-method signature="EssilorPro_SG()[pri:4, instance:testcase.regression2@1339e7aa]" started-at="2024-05-23T13:50:49Z" name="EssilorPro_SG" finished-at="2024-05-23T13:51:37Z" duration-ms="48433" status="PASS">
          <reporter-output>
          </reporter-output>
        </test-method> <!-- EssilorPro_SG -->
        <test-method is-config="true" signature="terminate()[pri:0, instance:testcase.regression2@1339e7aa]" started-at="2024-05-23T13:51:37Z" name="terminate" finished-at="2024-05-23T13:51:38Z" duration-ms="707" status="PASS">
          <reporter-output>
          </reporter-output>
        </test-method> <!-- terminate -->
        <test-method signature="EssilorPro_PH()[pri:5, instance:testcase.regression2@1339e7aa]" started-at="2024-05-23T13:51:38Z" name="EssilorPro_PH" finished-at="2024-05-23T13:52:43Z" duration-ms="64689" status="PASS">
          <reporter-output>
          </reporter-output>
        </test-method> <!-- EssilorPro_PH -->
        <test-method is-config="true" signature="terminate()[pri:0, instance:testcase.regression2@1339e7aa]" started-at="2024-05-23T13:52:43Z" name="terminate" finished-at="2024-05-23T13:52:43Z" duration-ms="372" status="PASS">
          <reporter-output>
          </reporter-output>
        </test-method> <!-- terminate -->
        <test-method signature="EssilorPro_IN()[pri:6, instance:testcase.regression2@1339e7aa]" started-at="2024-05-23T13:52:43Z" name="EssilorPro_IN" finished-at="2024-05-23T13:53:49Z" duration-ms="65726" status="PASS">
          <reporter-output>
          </reporter-output>
        </test-method> <!-- EssilorPro_IN -->
        <test-method is-config="true" signature="terminate()[pri:0, instance:testcase.regression2@1339e7aa]" started-at="2024-05-23T13:53:49Z" name="terminate" finished-at="2024-05-23T13:53:49Z" duration-ms="450" status="PASS">
          <reporter-output>
          </reporter-output>
        </test-method> <!-- terminate -->
        <test-method signature="EssilorPro_ID()[pri:7, instance:testcase.regression2@1339e7aa]" started-at="2024-05-23T13:53:49Z" name="EssilorPro_ID" finished-at="2024-05-23T13:54:59Z" duration-ms="69845" status="PASS">
          <reporter-output>
          </reporter-output>
        </test-method> <!-- EssilorPro_ID -->
        <test-method is-config="true" signature="terminate()[pri:0, instance:testcase.regression2@1339e7aa]" started-at="2024-05-23T13:54:59Z" name="terminate" finished-at="2024-05-23T13:55:00Z" duration-ms="449" status="PASS">
          <reporter-output>
          </reporter-output>
        </test-method> <!-- terminate -->
        <test-method signature="EssilorPro_TH()[pri:8, instance:testcase.regression2@1339e7aa]" started-at="2024-05-23T13:55:00Z" name="EssilorPro_TH" finished-at="2024-05-23T13:56:08Z" duration-ms="68106" status="PASS">
          <reporter-output>
          </reporter-output>
        </test-method> <!-- EssilorPro_TH -->
        <test-method is-config="true" signature="terminate()[pri:0, instance:testcase.regression2@1339e7aa]" started-at="2024-05-23T13:56:08Z" name="terminate" finished-at="2024-05-23T13:56:08Z" duration-ms="583" status="PASS">
          <reporter-output>
          </reporter-output>
        </test-method> <!-- terminate -->
        <test-method signature="EssilorPro_MA()[pri:9, instance:testcase.regression2@1339e7aa]" started-at="2024-05-23T13:56:08Z" name="EssilorPro_MA" finished-at="2024-05-23T13:56:56Z" duration-ms="48014" status="FAIL">
          <exception class="org.openqa.selenium.NoSuchElementException">
            <message>
              <![CDATA[no such element: Unable to locate element: {"method":"xpath","selector":"//div[@class='flex pa-0 mr-3 b2b-main-menu-item fill-height'][1]"}
  (Session info: chrome=124.0.6367.208)
For documentation on this error, please visit: https://www.selenium.dev/documentation/webdriver/troubleshooting/errors#no-such-element-exception
Build info: version: '4.16.1', revision: '9b4c83354e'
System info: os.name: 'Windows 10', os.arch: 'amd64', os.version: '10.0', java.version: '17.0.8.1'
Driver info: org.openqa.selenium.chrome.ChromeDriver
Command: [4c42c97fad233902d1494766ffef7afa, findElement {using=xpath, value=//div[@class='flex pa-0 mr-3 b2b-main-menu-item fill-height'][1]}]
Capabilities {acceptInsecureCerts: false, browserName: chrome, browserVersion: 124.0.6367.208, chrome: {chromedriverVersion: 124.0.6367.207 (a9001a6e39f..., userDataDir: C:\Users\JOSHUA~1.OLI\AppDa...}, fedcm:accounts: true, goog:chromeOptions: {debuggerAddress: localhost:58418}, networkConnectionEnabled: false, pageLoadStrategy: normal, platformName: windows, proxy: Proxy(), se:cdp: ws://localhost:58418/devtoo..., se:cdpVersion: 124.0.6367.208, setWindowRect: true, strictFileInteractability: false, timeouts: {implicit: 0, pageLoad: 300000, script: 30000}, unhandledPromptBehavior: dismiss and notify, webauthn:extension:credBlob: true, webauthn:extension:largeBlob: true, webauthn:extension:minPinLength: true, webauthn:extension:prf: true, webauthn:virtualAuthenticators: true}
Session ID: 4c42c97fad233902d1494766ffef7afa]]>
            </message>
            <full-stacktrace>
              <![CDATA[org.openqa.selenium.NoSuchElementException: no such element: Unable to locate element: {"method":"xpath","selector":"//div[@class='flex pa-0 mr-3 b2b-main-menu-item fill-height'][1]"}
  (Session info: chrome=124.0.6367.208)
For documentation on this error, please visit: https://www.selenium.dev/documentation/webdriver/troubleshooting/errors#no-such-element-exception
Build info: version: '4.16.1', revision: '9b4c83354e'
System info: os.name: 'Windows 10', os.arch: 'amd64', os.version: '10.0', java.version: '17.0.8.1'
Driver info: org.openqa.selenium.chrome.ChromeDriver
Command: [4c42c97fad233902d1494766ffef7afa, findElement {using=xpath, value=//div[@class='flex pa-0 mr-3 b2b-main-menu-item fill-height'][1]}]
Capabilities {acceptInsecureCerts: false, browserName: chrome, browserVersion: 124.0.6367.208, chrome: {chromedriverVersion: 124.0.6367.207 (a9001a6e39f..., userDataDir: C:\Users\JOSHUA~1.OLI\AppDa...}, fedcm:accounts: true, goog:chromeOptions: {debuggerAddress: localhost:58418}, networkConnectionEnabled: false, pageLoadStrategy: normal, platformName: windows, proxy: Proxy(), se:cdp: ws://localhost:58418/devtoo..., se:cdpVersion: 124.0.6367.208, setWindowRect: true, strictFileInteractability: false, timeouts: {implicit: 0, pageLoad: 300000, script: 30000}, unhandledPromptBehavior: dismiss and notify, webauthn:extension:credBlob: true, webauthn:extension:largeBlob: true, webauthn:extension:minPinLength: true, webauthn:extension:prf: true, webauthn:virtualAuthenticators: true}
Session ID: 4c42c97fad233902d1494766ffef7afa
	at java.base/jdk.internal.reflect.NativeConstructorAccessorImpl.newInstance0(Native Method)
	at java.base/jdk.internal.reflect.NativeConstructorAccessorImpl.newInstance(NativeConstructorAccessorImpl.java:77)
	at java.base/jdk.internal.reflect.DelegatingConstructorAccessorImpl.newInstance(DelegatingConstructorAccessorImpl.java:45)
	at java.base/java.lang.reflect.Constructor.newInstanceWithCaller(Constructor.java:499)
	at java.base/java.lang.reflect.Constructor.newInstance(Constructor.java:480)
	at org.openqa.selenium.remote.codec.w3c.W3CHttpResponseCodec.createException(W3CHttpResponseCodec.java:200)
	at org.openqa.selenium.remote.codec.w3c.W3CHttpResponseCodec.decode(W3CHttpResponseCodec.java:133)
	at org.openqa.selenium.remote.codec.w3c.W3CHttpResponseCodec.decode(W3CHttpResponseCodec.java:52)
	at org.openqa.selenium.remote.HttpCommandExecutor.execute(HttpCommandExecutor.java:191)
	at org.openqa.selenium.remote.service.DriverCommandExecutor.invokeExecute(DriverCommandExecutor.java:200)
	at org.openqa.selenium.remote.service.DriverCommandExecutor.execute(DriverCommandExecutor.java:175)
	at org.openqa.selenium.remote.RemoteWebDriver.execute(RemoteWebDriver.java:523)
	at org.openqa.selenium.remote.ElementLocation$ElementFinder$2.findElement(ElementLocation.java:165)
	at org.openqa.selenium.remote.ElementLocation.findElement(ElementLocation.java:59)
	at org.openqa.selenium.remote.RemoteWebDriver.findElement(RemoteWebDriver.java:360)
	at org.openqa.selenium.remote.RemoteWebDriver.findElement(RemoteWebDriver.java:354)
	at objects.elementDictionary.clickElement(elementDictionary.java:68)
	at objects.elementDictionary.navigateTo(elementDictionary.java:108)
	at testcase.regression2.EssilorPro_MA(regression2.java:279)
	at java.base/jdk.internal.reflect.NativeMethodAccessorImpl.invoke0(Native Method)
	at java.base/jdk.internal.reflect.NativeMethodAccessorImpl.invoke(NativeMethodAccessorImpl.java:77)
	at java.base/jdk.internal.reflect.DelegatingMethodAccessorImpl.invoke(DelegatingMethodAccessorImpl.java:43)
	at java.base/java.lang.reflect.Method.invoke(Method.java:568)
	at org.testng.internal.MethodInvocationHelper.invokeMethod(MethodInvocationHelper.java:108)
	at org.testng.internal.Invoker.invokeMethod(Invoker.java:661)
	at org.testng.internal.Invoker.invokeTestMethod(Invoker.java:869)
	at org.testng.internal.Invoker.invokeTestMethods(Invoker.java:1193)
	at org.testng.internal.TestMethodWorker.invokeTestMethods(TestMethodWorker.java:126)
	at org.testng.internal.TestMethodWorker.run(TestMethodWorker.java:109)
	at org.testng.TestRunner.privateRun(TestRunner.java:744)
	at org.testng.TestRunner.run(TestRunner.java:602)
	at org.testng.SuiteRunner.runTest(SuiteRunner.java:380)
	at org.testng.SuiteRunner.runSequentially(SuiteRunner.java:375)
	at org.testng.SuiteRunner.privateRun(SuiteRunner.java:340)
	at org.testng.SuiteRunner.run(SuiteRunner.java:289)
	at org.testng.SuiteRunnerWorker.runSuite(SuiteRunnerWorker.java:52)
	at org.testng.SuiteRunnerWorker.run(SuiteRunnerWorker.java:86)
	at org.testng.TestNG.runSuitesSequentially(TestNG.java:1301)
	at org.testng.TestNG.runSuitesLocally(TestNG.java:1226)
	at org.testng.TestNG.runSuites(TestNG.java:1144)
	at org.testng.TestNG.run(TestNG.java:1115)
	at org.testng.remote.AbstractRemoteTestNG.run(AbstractRemoteTestNG.java:115)
	at org.testng.remote.RemoteTestNG.initAndRun(RemoteTestNG.java:251)
	at org.testng.remote.RemoteTestNG.main(RemoteTestNG.java:77)
]]>
            </full-stacktrace>
          </exception> <!-- org.openqa.selenium.NoSuchElementException -->
          <reporter-output>
          </reporter-output>
        </test-method> <!-- EssilorPro_MA -->
        <test-method is-config="true" signature="terminate()[pri:0, instance:testcase.regression2@1339e7aa]" started-at="2024-05-23T13:56:56Z" name="terminate" finished-at="2024-05-23T13:56:57Z" duration-ms="432" status="PASS">
          <reporter-output>
          </reporter-output>
        </test-method> <!-- terminate -->
        <test-method signature="EssilorPro_TR()[pri:9, instance:testcase.regression2@1339e7aa]" started-at="2024-05-23T13:56:57Z" name="EssilorPro_TR" finished-at="2024-05-23T13:58:29Z" duration-ms="92299" status="PASS">
          <reporter-output>
          </reporter-output>
        </test-method> <!-- EssilorPro_TR -->
        <test-method is-config="true" signature="terminate()[pri:0, instance:testcase.regression2@1339e7aa]" started-at="2024-05-23T13:58:29Z" name="terminate" finished-at="2024-05-23T13:58:30Z" duration-ms="410" status="PASS">
          <reporter-output>
          </reporter-output>
        </test-method> <!-- terminate -->
        <test-method signature="EssilorPro_AE()[pri:10, instance:testcase.regression2@1339e7aa]" started-at="2024-05-23T13:58:30Z" name="EssilorPro_AE" finished-at="2024-05-23T13:59:15Z" duration-ms="45366" status="PASS">
          <reporter-output>
          </reporter-output>
        </test-method> <!-- EssilorPro_AE -->
        <test-method is-config="true" signature="terminate()[pri:0, instance:testcase.regression2@1339e7aa]" started-at="2024-05-23T13:59:15Z" name="terminate" finished-at="2024-05-23T13:59:15Z" duration-ms="490" status="PASS">
          <reporter-output>
          </reporter-output>
        </test-method> <!-- terminate -->
        <test-method signature="EssilorPro_AU()[pri:11, instance:testcase.regression2@1339e7aa]" started-at="2024-05-23T13:59:15Z" name="EssilorPro_AU" finished-at="2024-05-23T14:00:02Z" duration-ms="46477" status="PASS">
          <reporter-output>
          </reporter-output>
        </test-method> <!-- EssilorPro_AU -->
        <test-method is-config="true" signature="terminate()[pri:0, instance:testcase.regression2@1339e7aa]" started-at="2024-05-23T14:00:02Z" name="terminate" finished-at="2024-05-23T14:00:02Z" duration-ms="436" status="PASS">
          <reporter-output>
          </reporter-output>
        </test-method> <!-- terminate -->
      </class> <!-- testcase.regression2 -->
    </test> <!-- Default test -->
  </suite> <!-- Default suite -->
</testng-results>
